<?xml version="1.0" encoding="UTF-8"?>
<!-- Generated by org.testng.reporters.JUnitXMLReporter -->
<testsuite ignored="2" hostname="LAPTOP-2KSQGHOC" failures="0" tests="2" name="testcases" time="32.072" errors="0" timestamp="2025-03-11T14:14:51 IST">
  <testcase classname="testcases.RegisterTest" name="testUserRegistration" time="10.613"/>
  <testcase classname="testcases.LoginSearchAndCartTest" name="testLoginAndCompletePurchase" time="13.967"/>
  <testcase classname="testcases.BaseTest" name="@BeforeSuite setupExtentReports" time="0.0">
    <ignored/>
  </testcase> <!-- @BeforeSuite setupExtentReports -->
  <testcase classname="testcases.BaseTest" name="@AfterSuite generateExtentReport" time="0.0">
    <ignored/>
  </testcase> <!-- @AfterSuite generateExtentReport -->
</testsuite> <!-- testcases -->
